On line: 630: if (key_pressed(KEY_ESCAPE) or mouse_pressed(2) or j.button_pressed(2) and !j.button_down(3))
On line: 655: if (key_pressed(KEY_TAB) and key_up(KEY_LMENU) and key_up(KEY_RMENU))
On line: 665: if (key_down(KEY_V) and spamtimer.elapsed>=spamtime and voicechat==1 and voiceholdpress==1 and dvoicechat==0)
On line: 676: if (key_released(KEY_V) and voicechat==1 and dvoicechat==0)
On line: 715: if(key_down(KEY_LMENU) and key_up(KEY_LSHIFT) and key_pressed(KEY_S) and vetype=="police_car") send_reliable(0,"command policesiren",0);
On line: 716: if(key_pressed(KEY_UP)) send_reliable(0,"command speedup",0);
On line: 717: if(key_pressed(KEY_DOWN)) send_reliable(0,"command speeddown",0);
On line: 718: if(key_pressed(KEY_LEFT)) send_reliable(0,"command turnleft",0);
On line: 719: if(key_pressed(KEY_RETURN)) send_reliable(0,"command enter",0);
On line: 720: if(key_pressed(KEY_RIGHT)) send_reliable(0,"command turnright",0);
On line: 724: if(key_pressed(KEY_UP)) send_reliable(0,"mocommand speedup",0);
On line: 725: if(key_pressed(KEY_DOWN)) send_reliable(0,"mocommand speeddown",0);
On line: 726: if(key_pressed(KEY_LEFT)) send_reliable(0,"mocommand turnleft",0);
On line: 727: if(key_pressed(KEY_RETURN)) send_reliable(0,"mocommand enter",0);
On line: 728: if(key_pressed(KEY_RIGHT)) send_reliable(0,"mocommand turnright",0);
On line: 730: if(key_up(KEY_LSHIFT) and key_pressed(KEY_BACK) and can_move==true)
On line: 739: if (key_pressed(KEY_RETURN))
On line: 782: if(key_up(KEY_LMENU) and key_down(KEY_LSHIFT) and key_pressed(KEY_R) and can_move==true)
On line: 786: if(key_down(KEY_LMENU) and key_up(KEY_LSHIFT) and key_pressed(KEY_R) and posetimer.elapsed>=760 and can_move==true)
On line: 792: if(key_pressed(KEY_SEMICOLON))
On line: 802: if(key_down(KEY_LMENU) and key_pressed(KEY_B)){
On line: 806: if(key_up(KEY_LMENU) and key_pressed(KEY_B))
On line: 812: if(key_down(KEY_LMENU))
On line: 814: if (key_pressed(KEY_GRAVE))
On line: 818: if (key_pressed(KEY_1))
On line: 822: if (key_pressed(KEY_2))
On line: 826: if (key_pressed(KEY_3))
On line: 830: if (key_pressed(KEY_4))
On line: 834: if (key_pressed(KEY_5))
On line: 838: if (key_pressed(KEY_6))
On line: 842: if (key_pressed(KEY_7))
On line: 846: if (key_pressed(KEY_8))
On line: 850: if (key_pressed(KEY_9))
On line: 854: if (key_pressed(KEY_0))
On line: 858: if (key_pressed(KEY_MINUS))
On line: 862: if (key_pressed(KEY_EQUALS))
On line: 866: if (key_pressed(KEY_BACK))
On line: 872: if(key_up(KEY_LMENU) and key_up(KEY_LSHIFT) and key_pressed(KEY_K))send_reliable(0,"killcheck",0);
On line: 873: if(key_pressed(KEY_GRAVE) and alt_is_up() and shift_is_down()) checkarroundmenu();
On line: 874: if(key_up(KEY_LMENU) and key_up(KEY_LSHIFT) and key_pressed(KEY_F1))
On line: 878: if(key_up(KEY_LMENU) and key_down(KEY_LSHIFT) and key_pressed(KEY_F1))
On line: 882: if(key_down(KEY_LMENU) and key_up(KEY_LSHIFT) and key_pressed(KEY_F1))
On line: 886: if( key_up(KEY_LSHIFT) and key_pressed(KEY_F7))
On line: 894: else if(key_down(KEY_LSHIFT) and key_pressed(KEY_F7))
On line: 907: if(key_up(KEY_LSHIFT) and key_pressed(KEY_F9))
On line: 911: if(key_down(KEY_LSHIFT) and key_pressed(KEY_F9))
On line: 927: if(key_up(KEY_LMENU) and key_up(KEY_LSHIFT) and key_pressed(KEY_A) and !frozen) send_reliable(0, "robotcheck",0);
On line: 928: if(key_up(KEY_LMENU) and key_up(KEY_LSHIFT) and key_pressed(KEY_O))
On line: 966: if (key_down(KEY_LSHIFT) and key_pressed(KEY_J))
On line: 972: else if (key_up(KEY_LSHIFT) and key_pressed(KEY_J))
On line: 979: if(key_pressed(KEY_L))
On line: 981: if (key_up(KEY_LSHIFT) and key_up(KEY_RSHIFT) and key_up(KEY_LMENU) and key_up(KEY_RMENU))
On line: 985: else if (key_down(KEY_LMENU) or key_down(KEY_RMENU))
On line: 989: else if (key_down(KEY_LSHIFT) or key_down(KEY_RSHIFT))
On line: 994: if (key_down(KEY_G)&&dcamera==0 and !inve)
On line: 1008: if (key_pressed(KEY_D))
On line: 1034: if (key_pressed(KEY_T))
On line: 1038: if (key_pressed(KEY_LEFT)==false and kleft.pressing() and camera.x>0 or mousex<0 and mousemenutimer.elapsed>=100)
On line: 1046: if (key_pressed(KEY_RIGHT)==false and kright.pressing()&&camera.x<max.x or mousex>0 and mousemenutimer.elapsed>=100)
On line: 1054: if (key_pressed(KEY_DOWN)==false and kdown.pressing() and camera.y>0 or mousey>0 and mousemenutimer.elapsed>=100)
On line: 1062: if (key_pressed(KEY_UP)==false and kup.pressing()&&camera.y<max.y or mousey<0 and mousemenutimer.elapsed>=100)
On line: 1071: if (key_up(KEY_G)&&dcamera==0)
On line: 1079: if(key_up(KEY_LMENU) and key_up(KEY_LSHIFT) and key_pressed(KEY_I) and inbox==false and !frozen)
On line: 1085: if(key_down(KEY_LMENU) and key_up(KEY_LSHIFT) and key_pressed(KEY_I) and inbox==false and !frozen)
On line: 1089: if(key_up(KEY_LMENU) and key_up(KEY_LSHIFT) and key_pressed(KEY_N)) {
On line: 1108: if(key_up(KEY_LMENU) and key_down(KEY_LSHIFT) and key_pressed(KEY_M))
On line: 1112: if(key_up(KEY_LMENU) and key_up(KEY_LSHIFT) and key_pressed(KEY_M))
On line: 1115: if (key_pressed(KEY_P))
On line: 1119: if( key_up(KEY_LSHIFT) and key_pressed(KEY_F4))
On line: 1123: else if(key_down(KEY_LSHIFT) and key_pressed(KEY_F4))
On line: 1127: if( key_up(KEY_LSHIFT) and key_pressed(KEY_F5))
On line: 1131: else if(key_down(KEY_LSHIFT) and key_pressed(KEY_F5))
On line: 1135: if(key_down(KEY_LMENU) and key_pressed(KEY_F))
On line: 1139: if (key_up(KEY_LSHIFT) and key_pressed(KEY_F8))
On line: 1155: else if(key_down(KEY_LSHIFT) and key_pressed(KEY_F8))
On line: 1159: if(key_up(KEY_LSHIFT) and key_pressed(KEY_F10))
On line: 1175: if(key_down(KEY_LSHIFT) and key_pressed(KEY_F10))
On line: 1191: if(key_up(KEY_LSHIFT) and key_pressed(KEY_F11))
On line: 1207: if(key_down(KEY_LSHIFT) and key_pressed(KEY_F11))
On line: 1211: if(key_pressed(KEY_F12)){
On line: 1215: if(key_down(KEY_LSHIFT) and key_pressed(KEY_F6))
On line: 1222: else if(key_up(KEY_LSHIFT) and key_pressed(KEY_F6))
On line: 1226: if(key_up(KEY_LMENU) and key_down(KEY_LSHIFT) and key_pressed(KEY_Z))
On line: 1240: if(key_down(KEY_LMENU) and key_up(KEY_LSHIFT) and key_pressed(KEY_Z))
On line: 1244: else if(key_down(KEY_LMENU) and key_pressed(KEY_N) and shift_is_up())
On line: 1252: if(key_pressed(KEY_LBRACKET))
On line: 1254: if (key_down(KEY_LSHIFT) or key_down(KEY_RSHIFT))
On line: 1263: if(key_pressed(KEY_RBRACKET))
On line: 1265: if (key_down(KEY_LSHIFT) or key_down(KEY_RSHIFT))
On line: 1274: if (key_up(KEY_LSHIFT) and key_up(KEY_RSHIFT))
On line: 1276: if(key_pressed(KEY_COMMA))
On line: 1280: if(key_pressed(KEY_PERIOD))
On line: 1285: if (key_down(KEY_LSHIFT) or key_down(KEY_RSHIFT))
On line: 1287: if (key_pressed(KEY_COMMA))
On line: 1291: if (key_pressed(KEY_PERIOD))
On line: 1298: if(key_pressed(KEY_C))
On line: 1304: if(key_down(KEY_LSHIFT) and key_pressed(KEY_BACK) and can_move==true)
On line: 1318: if(key_pressed(KEY_EQUALS))
On line: 1335: if(key_up(KEY_LMENU) and key_up(KEY_LSHIFT) and key_pressed(KEY_T) and key_up(KEY_G))
On line: 1346: if(key_down(KEY_LMENU) and key_up(KEY_LSHIFT) and key_pressed(KEY_T) and key_up(KEY_G))
On line: 1352: if(key_up(KEY_LMENU) and key_down(KEY_LSHIFT) and key_pressed(KEY_T) and key_up(KEY_G))
On line: 1358: if(key_pressed(KEY_1))
On line: 1375: if(key_pressed(KEY_2))
On line: 1396: if(key_pressed(KEY_W))
On line: 1403: if(key_pressed(KEY_H))
On line: 1407: if(key_down(KEY_LMENU) and key_pressed(KEY_D)){
On line: 1411: if(key_down(KEY_LMENU) and shift_is_down() and key_pressed(KEY_S))
On line: 1416: if(key_up(KEY_LMENU) and key_up(KEY_LSHIFT) and key_pressed(KEY_S))
On line: 1420: if(key_up(KEY_LMENU) and key_down(KEY_LSHIFT) and key_pressed(KEY_S))
On line: 1424: if(key_pressed(KEY_U))
On line: 1428: if(key_up(KEY_LMENU) and key_pressed(KEY_C)&&dcoordinates==0)
On line: 1432: else if(key_pressed(KEY_C) and alt_is_down())
On line: 1436: if(key_up(KEY_LMENU) and key_pressed(KEY_X))
On line: 1452: if(key_pressed(KEY_X) and alt_is_down()) send_reliable(0,"feet",0);
On line: 1455: if(key_pressed(KEY_SLASH))
On line: 1457: if (key_down(KEY_LMENU) or key_down(KEY_RMENU) and dttschat==0) {
On line: 1470: else if (key_down(KEY_LSHIFT) or key_down(KEY_RSHIFT) and inhouse) {
On line: 1508: else if (key_pressed(KEY_BACKSLASH) and dlocalchat==0){
On line: 1527: if (key_pressed(KEY_Y))
On line: 1545: if(key_down(KEY_SPACE) and hjumptimer.elapsed>=hjumptime and jumping==0 and canjump==true and falling==false and can_move==true and usebike==false and inve==false and inmo==false&&canijumptimer.elapsed>50)
On line: 1568: if(key_up(KEY_LMENU) and key_pressed(KEY_SPACE) and hjumptimer.elapsed>=hjumptime and jumping==0 and falling==false and can_move==true and usebike==false)
On line: 1640: if(key_down(KEY_LMENU) and key_pressed(KEY_SPACE))
On line: 1647: if(key_down(KEY_LMENU) and key_up(KEY_LSHIFT) and key_pressed(KEY_F2))
On line: 1652: if(key_up(KEY_LMENU) and key_down(KEY_LSHIFT) and key_pressed(KEY_F2))
On line: 1656: if(key_up(KEY_LMENU) and key_up(KEY_LSHIFT) and key_pressed(KEY_F2))
On line: 1660: if(key_up(KEY_LSHIFT) and key_pressed(KEY_F3) and pinging==false)
On line: 1667: else if(key_down(KEY_LSHIFT) and key_pressed(KEY_F3))
On line: 1687: if (key_pressed(KEY_LEFT) or j.x==-1000 and joymenutimer.elapsed>=200)
On line: 1692: if (key_pressed(KEY_RIGHT) or j.x==1000 and joymenutimer.elapsed>=200)
On line: 1697: if (key_pressed(KEY_UP) or j.y==1000 and joymenutimer.elapsed>=200)
On line: 1702: if (key_pressed(KEY_DOWN) or j.y==-1000 and joymenutimer.elapsed>=200)
On line: 1707: if (key_pressed(KEY_NEXT))
On line: 1712: if (key_pressed(KEY_PRIOR))
On line: 1721: if(key_down(KEY_LMENU) or key_down(KEY_RMENU) and key_up(KEY_LSHIFT) and key_up(KEY_RSHIFT))
On line: 1723: if(key_down(KEY_LEFT))
On line: 1732: else if (key_down(KEY_RIGHT))
On line: 1741: else if(key_down(KEY_UP))
On line: 1750: else if (key_down(KEY_DOWN))
On line: 1760: if(key_down(KEY_LSHIFT) or key_down(KEY_RSHIFT))
On line: 1762: if(key_down(KEY_Q))
On line: 1771: else if(key_down(KEY_E))
On line: 1781: else if(key_up(KEY_LSHIFT) and key_up(KEY_RSHIFT))
On line: 1783: if(key_down(KEY_Q))
On line: 1792: else if(key_down(KEY_E))
On line: 1803: 	if(key_pressed(KEY_F) and alt_is_up()) speak("facing "+dir_to_string(getdir(facing))+" at "+facing+"degrees");
On line: 1804: else if(key_pressed(KEY_F) and alt_is_down()) send_reliable(0,"fists",0);
On line: 1807: if(key_up(KEY_G) and key_up(KEY_LMENU) and key_up(KEY_RMENU) and key_up(KEY_LSHIFT) and key_up(KEY_RSHIFT) and can_move==true and !inve and !inmo)
On line: 1809: if(key_pressed(KEY_PRIOR) and jumping==0)
On line: 1820: else if(key_pressed(KEY_NEXT) and jumping==0)
On line: 1843: else if(key_pressed(KEY_DOWN))
On line: 1855: else if(key_pressed(KEY_LEFT))
On line: 1867: else if(key_pressed(KEY_RIGHT))
On line: 1887: if(key_up(KEY_LMENU) and key_up(KEY_RMENU)){
On line: 1888: if(key_down(KEY_PRIOR) and jumping==0 and sitting==0)
On line: 1896: else if(key_down(KEY_NEXT) and jumping==0 and sitting==0)
On line: 1904: if(key_down(KEY_UP))
On line: 1925: if(key_down(KEY_DOWN))
On line: 1996: if(key_down(KEY_LSHIFT) or key_down(KEY_RSHIFT))
On line: 2004: if(key_down(KEY_LMENU) or key_down(KEY_RMENU))
On line: 2012: if(key_down(KEY_LCONTROL) and lcontrol==1 or key_down(KEY_RCONTROL) and rcontrol==1)
On line: 2020: if(key_up(KEY_LSHIFT) or key_up(KEY_RSHIFT))
On line: 2028: if(key_up(KEY_LMENU) or key_up(KEY_RMENU))
On line: 2036: if(key_up(KEY_LCONTROL) and lcontrol==1 or key_up(KEY_RCONTROL) and rcontrol==1)
On line: 2044: if(key_pressed(KEY_LSHIFT) or (key_pressed(KEY_RSHIFT)))
On line: 2052: if(key_pressed(KEY_LMENU) or (key_pressed(KEY_RMENU)))
On line: 2060: if(key_pressed(KEY_LCONTROL) or (key_pressed(KEY_RCONTROL)))
On line: 2437: if (key_pressed(KEY_ESCAPE))
On line: 2442: if(key_pressed(KEY_F12)){
On line: 2446: if (key_pressed(KEY_HOME) and volume<10000)
On line: 2451: if (key_pressed(KEY_END) and volume>0)
On line: 4646: if(key_pressed(KEY_UP))
On line: 4659: if(key_pressed(KEY_DOWN))
On line: 4672: if(key_pressed(KEY_F2) and users[counter]!="" and counter <= users.length()-1)
On line: 4678: if(key_pressed(KEY_F1) and users[counter]!="" and counter <= users.length()-1)
On line: 4684: if(key_pressed(KEY_F3))send_reliable(0, "j1 "+users[counter], 0);
On line: 4685: if(key_pressed(KEY_F4))send_reliable(0, "j2 "+users[counter], 0);
On line: 4686: if(key_pressed(KEY_RETURN) and counter <= users.length()-1 and users[counter]!="")
On line: 4693: if(key_pressed(KEY_F12)){
On line: 4697: if(key_pressed(KEY_ESCAPE))
On line: 4949: if(key_pressed(KEY_V))
On line: 4962: if (key_pressed(KEY_F2))
On line: 5008: if(key_pressed(KEY_BACK))
On line: 5033: if(key_pressed(KEY_LEFT) or key_pressed(KEY_RIGHT) or key_pressed(KEY_UP) or key_pressed(KEY_DOWN))
On line: 5040: if(key_pressed(KEY_ESCAPE))
On line: 5050: else if(key_pressed(KEY_RETURN) and message.length() > 0)
On line: 5170: if(key_pressed(KEY_F12)){
On line: 5187: if (key_down(KEY_SPACE) and t.elapsed>=120)
On line: 5192: if (key_pressed(KEY_J))
On line: 5196: if(key_pressed(KEY_F12)){
On line: 5200: if (key_pressed(KEY_F))
